    """
    魔劣-达也和深雪的记事本(第一部)
    女儿的男友 
    (第二部)
    深雪的暴露 
    巨根夺娇妻（绿） 
    达也家的幸福生活
    借精姐妹
    邻居家的榨汁姬
    从绿一条将辉开始的达也同学（绿） 
    22世纪的改造女友计划（绿） 
    男闺蜜
    听哥哥话的大鸡巴奴隶深雪
    绿帽哀歌：女友的出轨日记（绿） 
    无限ntr系统 樱花庄的宠物女孩（绿） 

    "清茗学院")


    list&id=2439", "淫乱生活") # 已经完结
    list&id=4360", "被催眠暴奸的冷艳美母")
    """ 
    """
    
    综漫之无限绿帽 list&id=1046
    
    list&id=11567", "情欲人生") # 完结替换用 
    
    list&id=10606", "女神代行者") # 阅读用
    list&id=12028", "妈，妹妹怀了我的娃") # 替换用(重点)
    list&id=3197", "小天使女友") # 替换用(重点)（绿） 
    list&id=8173", "潜轨者") # 替换用(重点)
    list&id=10825", "我是一名男护士") # 替换用(重点)
    list&id=11624", "左京之都市猎艳") # 替换用(重点)
    list&id=12048", "女友，借我一下") # 替换用    
    list&id=568", "火速让女生怀孕吧") # 替换用
    list&id=2781", "脑袋有洞系列") # 替换用
    list&id=10600", "我是美母骑士") # 替换用
    list&id=9952", "性淡化的世界") # 替换用
    list&id=6855", "新破魔游戏") # 替换用

    list&id=11380", "金陵梦华路") # 替换用（绿）
    list&id=11766", "欲恋") # 替换用
    list&id=11034", "少妇夏禾") # 替换用（绿） 


    list&id=2261", "欲望的黑蟒") # 完结替换用（绿） 
    list&id=11862", "春秋十绝色") # 完结替换用（绿）
    list&id=8567&uid=", "亲爱的不要离开我")（绿）
    list&id=9407&uid=", "翁媳乱情")

    巨根正太和家族美熟女
    成为世界之神之后
    为母育种
    继母想帮我开后宫 
    美腿的呻吟 m.diyibanzhu.store/wap.php?action=list&id=10081
    list&id=11321", "影视剧H改编——《小欢喜》") # 替换用(重点)
    list&id=2957", "性爱世界") # 完结替换用
    list&id=6904", "邪恶变形系统") # 完结替换用(重点)


    list&id=10367", "爱与欲的升华")
    list&id=10783", "丧尸控制器续写")
    list&id=12508", "爱与欲的升华")
    list&id=12694", "男人的目标是乐园")
    list&id=11435", "催眠之毒")
    list&id=12724", "昔我往矣杨柳依依") 

    list&id=8131", "代女而嫁的蜜月风波")
    list&id=11151", "极品家丁之绿意凛然")
    list&id=908", "情欲两极")
    
    """ 
    # saveBook("/wap.php?action=list&id=906", "警花相伴")
    # 第8部
    saveBookList({
        "list&id=10367" : "爱与欲的升华"
                #   "list&id=3327" : "催眠玩偶雪之下雪乃",
                #   "list&id=11466" : "春物催眠之丝袜丽奴",
                #   "list&id=12854" : "春物语-我的雪之下：穿越成了大人物....",
                #   "list&id=12893" : "雪之下的秘密侍奉活动",
                #   "list&id=7111" : "位面猎奴之春物",
                #   "list&id=900" : "To Love-Ru NTR",
                #   "list&id=3979" : "淫魔在综漫",
                #   "list&id=2837" : "综漫催眠之佐山浩史的艳遇", #***
                #   "list&id=3336" : "综漫之大后宫系统",
                #   "list&id=786" : "综漫幻想传奇",
                #   "list&id=12679" : "综漫之调教系统",
                #   "list&id=1859" : "被绑架到魅魔学院成为肉棒教具",
                #   "list&id=2199" : "我被绑架到大小姐学校当肉棒样本",
                #   "list&id=953" : "位面猎奴之魔法禁书目录",
                #   "list&id=7008" : "位面猎奴之御坂美琴", 
                #   "list&id=2888" : "位面猎奴之狐妖小红娘",
                #   "list&id=1258" : "位面猎奴之我的妹妹哪有这么可爱",
                #   "list&id=7094" : "位面猎奴之埃罗芒阿老师",
                #   "list&id=6985" : "位面猎奴之亚丝娜",
                #   "list&id=7029" : "位面猎奴之从零",
                #   "list&id=5751" : "位面猎奴之回明",
                #   "list&id=7051" : "位面猎奴之Fate-Zero",
                #   "list&id=7510" : "禁止性骚扰（催眠）"
    })

    """
    list&id=9602", "双焰——圣女淫落")
    list&id=10603", "催眠系统")
    """